<?xml version="1.0" encoding="UTF-8"?>
<testng-results skipped="0" failed="0" ignored="0" total="0" passed="0">
  <reporter-output>
  </reporter-output>
  <suite name="de.comparus.opensource.longmap.LongMapImplTest" duration-ms="10" started-at="2018-02-19T11:07:33Z" finished-at="2018-02-19T11:07:33Z">
    <groups>
    </groups>
    <test name="Command line test" duration-ms="10" started-at="2018-02-19T11:07:33Z" finished-at="2018-02-19T11:07:33Z">
    </test> <!-- Command line test -->
  </suite> <!-- de.comparus.opensource.longmap.LongMapImplTest -->
</testng-results>
